TN:
SF:src/calculator.js
FN:2,Calculator
FN:6,set
FN:10,clear
FN:14,add
FN:22,subtract
FN:26,multiply
FN:30,divide
FNF:7
FNH:7
FNDA:10,Calculator
FNDA:6,set
FNDA:1,clear
FNDA:2,add
FNDA:1,subtract
FNDA:1,multiply
FNDA:3,divide
DA:1,1
DA:2,1
DA:3,10
DA:4,10
DA:5,1
DA:6,1
DA:7,6
DA:8,6
DA:9,1
DA:10,1
DA:11,1
DA:12,1
DA:13,1
DA:14,1
DA:15,2
DA:16,2
DA:17,1
DA:18,1
DA:19,1
DA:20,1
DA:21,1
DA:22,1
DA:23,1
DA:24,1
DA:25,1
DA:26,1
DA:27,1
DA:28,1
DA:29,1
DA:30,1
DA:31,3
DA:32,3
DA:33,1
DA:34,1
DA:35,1
LF:35
LH:35
BRDA:2,0,0,10
BRDA:6,1,0,6
BRDA:10,2,0,1
BRDA:14,3,0,2
BRDA:16,4,0,1
BRDA:22,5,0,1
BRDA:26,6,0,1
BRDA:30,7,0,3
BRF:8
BRH:8
end_of_record
